<?xml version="1.0" encoding="UTF-8"?>
<testsuite xmlns:xsi="http://www.w3.org/2001/XMLSchema-instance" xsi:noNamespaceSchemaLocation="https://maven.apache.org/surefire/maven-surefire-plugin/xsd/surefire-test-report.xsd" name="org.cloudbus.cloudsim.power.models.PowerModelSquareTest" time="0.005" tests="5" errors="0" skipped="0" failures="0">
  <properties>
    <property name="java.specification.version" value="21"/>
    <property name="sun.jnu.encoding" value="UTF-8"/>
    <property name="java.class.path" value="/home/yelaco/workspace/projects/cloudsim/modules/cloudsim/target/test-classes:/home/yelaco/workspace/projects/cloudsim/modules/cloudsim/target/classes:/home/yelaco/.m2/repository/com/google/guava/guava/33.2.1-jre/guava-33.2.1-jre.jar:/home/yelaco/.m2/repository/com/google/guava/failureaccess/1.0.2/failureaccess-1.0.2.jar:/home/yelaco/.m2/repository/com/google/guava/listenablefuture/9999.0-empty-to-avoid-conflict-with-guava/listenablefuture-9999.0-empty-to-avoid-conflict-with-guava.jar:/home/yelaco/.m2/repository/com/google/code/findbugs/jsr305/3.0.2/jsr305-3.0.2.jar:/home/yelaco/.m2/repository/org/checkerframework/checker-qual/3.42.0/checker-qual-3.42.0.jar:/home/yelaco/.m2/repository/com/google/errorprone/error_prone_annotations/2.26.1/error_prone_annotations-2.26.1.jar:/home/yelaco/.m2/repository/com/google/j2objc/j2objc-annotations/3.0.0/j2objc-annotations-3.0.0.jar:/home/yelaco/.m2/repository/org/apache/commons/commons-lang3/3.15.0/commons-lang3-3.15.0.jar:/home/yelaco/.m2/repository/org/apache/commons/commons-math3/3.6.1/commons-math3-3.6.1.jar:/home/yelaco/.m2/repository/commons-net/commons-net/3.11.1/commons-net-3.11.1.jar:/home/yelaco/.m2/repository/commons-io/commons-io/2.16.1/commons-io-2.16.1.jar:/home/yelaco/.m2/repository/io/gatling/uncommons/maths/uncommons-maths/1.2.3/uncommons-maths-1.2.3.jar:/home/yelaco/.m2/repository/com/opencsv/opencsv/5.9/opencsv-5.9.jar:/home/yelaco/.m2/repository/org/apache/commons/commons-text/1.11.0/commons-text-1.11.0.jar:/home/yelaco/.m2/repository/commons-beanutils/commons-beanutils/1.9.4/commons-beanutils-1.9.4.jar:/home/yelaco/.m2/repository/commons-logging/commons-logging/1.2/commons-logging-1.2.jar:/home/yelaco/.m2/repository/commons-collections/commons-collections/3.2.2/commons-collections-3.2.2.jar:/home/yelaco/.m2/repository/org/apache/commons/commons-collections4/4.4/commons-collections4-4.4.jar:/home/yelaco/.m2/repository/com/maxmind/geoip2/geoip2/4.2.0/geoip2-4.2.0.jar:/home/yelaco/.m2/repository/com/maxmind/db/maxmind-db/3.1.0/maxmind-db-3.1.0.jar:/home/yelaco/.m2/repository/com/fasterxml/jackson/core/jackson-databind/2.16.0/jackson-databind-2.16.0.jar:/home/yelaco/.m2/repository/com/fasterxml/jackson/core/jackson-core/2.16.0/jackson-core-2.16.0.jar:/home/yelaco/.m2/repository/com/fasterxml/jackson/core/jackson-annotations/2.16.0/jackson-annotations-2.16.0.jar:/home/yelaco/.m2/repository/org/easymock/easymock/5.3.0/easymock-5.3.0.jar:/home/yelaco/.m2/repository/net/bytebuddy/byte-buddy/1.14.17/byte-buddy-1.14.17.jar:/home/yelaco/.m2/repository/org/ow2/asm/asm/9.7/asm-9.7.jar:/home/yelaco/.m2/repository/org/objenesis/objenesis/3.4/objenesis-3.4.jar:/home/yelaco/.m2/repository/org/junit/jupiter/junit-jupiter-engine/5.11.3/junit-jupiter-engine-5.11.3.jar:/home/yelaco/.m2/repository/org/junit/platform/junit-platform-engine/1.11.3/junit-platform-engine-1.11.3.jar:/home/yelaco/.m2/repository/org/opentest4j/opentest4j/1.3.0/opentest4j-1.3.0.jar:/home/yelaco/.m2/repository/org/junit/platform/junit-platform-commons/1.11.3/junit-platform-commons-1.11.3.jar:/home/yelaco/.m2/repository/org/junit/jupiter/junit-jupiter-api/5.11.3/junit-jupiter-api-5.11.3.jar:/home/yelaco/.m2/repository/org/apiguardian/apiguardian-api/1.1.2/apiguardian-api-1.1.2.jar:"/>
    <property name="java.vm.vendor" value="Arch Linux"/>
    <property name="sun.arch.data.model" value="64"/>
    <property name="java.vendor.url" value="https://openjdk.org/"/>
    <property name="os.name" value="Linux"/>
    <property name="java.vm.specification.version" value="21"/>
    <property name="sun.java.launcher" value="SUN_STANDARD"/>
    <property name="user.country" value="US"/>
    <property name="sun.boot.library.path" value="/usr/lib/jvm/java-21-openjdk/lib"/>
    <property name="sun.java.command" value="/home/yelaco/workspace/projects/cloudsim/modules/cloudsim/target/surefire/surefirebooter16630373447339429059.jar /home/yelaco/workspace/projects/cloudsim/modules/cloudsim/target/surefire 2025-04-09T01-47-45_961-jvmRun1 surefire5004471736239329091tmp surefire_010019083038840462692tmp"/>
    <property name="jdk.debug" value="release"/>
    <property name="surefire.test.class.path" value="/home/yelaco/workspace/projects/cloudsim/modules/cloudsim/target/test-classes:/home/yelaco/workspace/projects/cloudsim/modules/cloudsim/target/classes:/home/yelaco/.m2/repository/com/google/guava/guava/33.2.1-jre/guava-33.2.1-jre.jar:/home/yelaco/.m2/repository/com/google/guava/failureaccess/1.0.2/failureaccess-1.0.2.jar:/home/yelaco/.m2/repository/com/google/guava/listenablefuture/9999.0-empty-to-avoid-conflict-with-guava/listenablefuture-9999.0-empty-to-avoid-conflict-with-guava.jar:/home/yelaco/.m2/repository/com/google/code/findbugs/jsr305/3.0.2/jsr305-3.0.2.jar:/home/yelaco/.m2/repository/org/checkerframework/checker-qual/3.42.0/checker-qual-3.42.0.jar:/home/yelaco/.m2/repository/com/google/errorprone/error_prone_annotations/2.26.1/error_prone_annotations-2.26.1.jar:/home/yelaco/.m2/repository/com/google/j2objc/j2objc-annotations/3.0.0/j2objc-annotations-3.0.0.jar:/home/yelaco/.m2/repository/org/apache/commons/commons-lang3/3.15.0/commons-lang3-3.15.0.jar:/home/yelaco/.m2/repository/org/apache/commons/commons-math3/3.6.1/commons-math3-3.6.1.jar:/home/yelaco/.m2/repository/commons-net/commons-net/3.11.1/commons-net-3.11.1.jar:/home/yelaco/.m2/repository/commons-io/commons-io/2.16.1/commons-io-2.16.1.jar:/home/yelaco/.m2/repository/io/gatling/uncommons/maths/uncommons-maths/1.2.3/uncommons-maths-1.2.3.jar:/home/yelaco/.m2/repository/com/opencsv/opencsv/5.9/opencsv-5.9.jar:/home/yelaco/.m2/repository/org/apache/commons/commons-text/1.11.0/commons-text-1.11.0.jar:/home/yelaco/.m2/repository/commons-beanutils/commons-beanutils/1.9.4/commons-beanutils-1.9.4.jar:/home/yelaco/.m2/repository/commons-logging/commons-logging/1.2/commons-logging-1.2.jar:/home/yelaco/.m2/repository/commons-collections/commons-collections/3.2.2/commons-collections-3.2.2.jar:/home/yelaco/.m2/repository/org/apache/commons/commons-collections4/4.4/commons-collections4-4.4.jar:/home/yelaco/.m2/repository/com/maxmind/geoip2/geoip2/4.2.0/geoip2-4.2.0.jar:/home/yelaco/.m2/repository/com/maxmind/db/maxmind-db/3.1.0/maxmind-db-3.1.0.jar:/home/yelaco/.m2/repository/com/fasterxml/jackson/core/jackson-databind/2.16.0/jackson-databind-2.16.0.jar:/home/yelaco/.m2/repository/com/fasterxml/jackson/core/jackson-core/2.16.0/jackson-core-2.16.0.jar:/home/yelaco/.m2/repository/com/fasterxml/jackson/core/jackson-annotations/2.16.0/jackson-annotations-2.16.0.jar:/home/yelaco/.m2/repository/org/easymock/easymock/5.3.0/easymock-5.3.0.jar:/home/yelaco/.m2/repository/net/bytebuddy/byte-buddy/1.14.17/byte-buddy-1.14.17.jar:/home/yelaco/.m2/repository/org/ow2/asm/asm/9.7/asm-9.7.jar:/home/yelaco/.m2/repository/org/objenesis/objenesis/3.4/objenesis-3.4.jar:/home/yelaco/.m2/repository/org/junit/jupiter/junit-jupiter-engine/5.11.3/junit-jupiter-engine-5.11.3.jar:/home/yelaco/.m2/repository/org/junit/platform/junit-platform-engine/1.11.3/junit-platform-engine-1.11.3.jar:/home/yelaco/.m2/repository/org/opentest4j/opentest4j/1.3.0/opentest4j-1.3.0.jar:/home/yelaco/.m2/repository/org/junit/platform/junit-platform-commons/1.11.3/junit-platform-commons-1.11.3.jar:/home/yelaco/.m2/repository/org/junit/jupiter/junit-jupiter-api/5.11.3/junit-jupiter-api-5.11.3.jar:/home/yelaco/.m2/repository/org/apiguardian/apiguardian-api/1.1.2/apiguardian-api-1.1.2.jar:"/>
    <property name="sun.cpu.endian" value="little"/>
    <property name="user.home" value="/home/yelaco"/>
    <property name="user.language" value="en"/>
    <property name="java.specification.vendor" value="Oracle Corporation"/>
    <property name="java.version.date" value="2025-01-21"/>
    <property name="java.home" value="/usr/lib/jvm/java-21-openjdk"/>
    <property name="file.separator" value="/"/>
    <property name="basedir" value="/home/yelaco/workspace/projects/cloudsim/modules/cloudsim"/>
    <property name="java.vm.compressedOopsMode" value="Zero based"/>
    <property name="line.separator" value="&#10;"/>
    <property name="java.specification.name" value="Java Platform API Specification"/>
    <property name="java.vm.specification.vendor" value="Oracle Corporation"/>
    <property name="surefire.real.class.path" value="/home/yelaco/workspace/projects/cloudsim/modules/cloudsim/target/surefire/surefirebooter16630373447339429059.jar"/>
    <property name="sun.management.compiler" value="HotSpot 64-Bit Tiered Compilers"/>
    <property name="java.runtime.version" value="21.0.6+7"/>
    <property name="user.name" value="yelaco"/>
    <property name="stdout.encoding" value="UTF-8"/>
    <property name="path.separator" value=":"/>
    <property name="os.version" value="6.13.8-arch1-1"/>
    <property name="java.runtime.name" value="OpenJDK Runtime Environment"/>
    <property name="file.encoding" value="UTF-8"/>
    <property name="java.vm.name" value="OpenJDK 64-Bit Server VM"/>
    <property name="localRepository" value="/home/yelaco/.m2/repository"/>
    <property name="java.vendor.url.bug" value="https://bugreport.java.com/bugreport/"/>
    <property name="java.io.tmpdir" value="/tmp"/>
    <property name="java.version" value="21.0.6"/>
    <property name="user.dir" value="/home/yelaco/workspace/projects/cloudsim/modules/cloudsim"/>
    <property name="os.arch" value="amd64"/>
    <property name="java.vm.specification.name" value="Java Virtual Machine Specification"/>
    <property name="native.encoding" value="UTF-8"/>
    <property name="java.library.path" value="/usr/java/packages/lib:/usr/lib64:/lib64:/lib:/usr/lib"/>
    <property name="java.vm.info" value="mixed mode, sharing"/>
    <property name="stderr.encoding" value="UTF-8"/>
    <property name="java.vendor" value="Arch Linux"/>
    <property name="java.vm.version" value="21.0.6+7"/>
    <property name="sun.io.unicode.encoding" value="UnicodeLittle"/>
    <property name="java.class.version" value="65.0"/>
  </properties>
  <testcase name="testGetPowerArgumentLessThenZero" classname="org.cloudbus.cloudsim.power.models.PowerModelSquareTest" time="0"/>
  <testcase name="testGetPower" classname="org.cloudbus.cloudsim.power.models.PowerModelSquareTest" time="0.001"/>
  <testcase name="testPrintPower" classname="org.cloudbus.cloudsim.power.models.PowerModelSquareTest" time="0.002"/>
  <testcase name="testGetMaxPower" classname="org.cloudbus.cloudsim.power.models.PowerModelSquareTest" time="0"/>
  <testcase name="testGetPowerArgumentLargerThenOne" classname="org.cloudbus.cloudsim.power.models.PowerModelSquareTest" time="0.001"/>
</testsuite>